2023-08-29, 500, Internal Server Error
2023-08-29, 400, Bad Request
2023-08-29, 400, Bad Request
2023-08-29, 500, Internal Server Error
2023-08-29, 500, Internal Server Error
2023-08-29, 500, Internal Server Error
2023-08-29, 500, Internal Server Error
2023-08-29, 500, Internal Server Error
2023-08-29, 500, Internal Server Error
2023-08-29, 500, Internal Server Error
2023-08-29, 500, Internal Server Error
2023-08-29, 500, Internal Server Error
2023-08-29, 500, Internal Server Error
2023-08-29, 500, Internal Server Error
2023-08-29, 500, Internal Server Error
2023-08-29, 500, Internal Server Error
2023-08-29, 500, Internal Server Error
2023-08-29, 500, Internal Server Error
2023-08-29, 500, Internal Server Error
2023-08-29, 500, Internal Server Error
2023-08-29, 500, Internal Server Error
2023-08-29, 500, Internal Server Error
2023-08-29, 500, Internal Server Error
2023-08-29, 500, Internal Server Error
2023-08-29, 400, Bad Request
2023-08-29, 400, Bad Request
2023-08-29, 400, Bad Request
2023-08-29, 400, Bad Request
2023-08-29, 400, Bad Request
2023-08-29, 400, Bad Request
2023-08-29, 400, Bad Request
2023-08-29, 400, Bad Request
2023-08-29, 400, Bad Request
2023-08-29, 400, Bad Request
2023-08-29, 400, Bad Request
2023-08-29, 400, Bad Request
2023-08-29, 400, Bad Request
2023-08-29, 404, Not Found
2023-08-29, 404, Not Found
2023-08-29, 400, Bad Request
2023-08-29, 404, Not Found
2023-08-29, 404, Not Found
2023-08-29, 404, Not Found
2023-08-29, 404, Not Found
2023-08-29, 404, Not Found
2023-08-29, 404, Not Found
2023-08-29, 404, Not Found
2023-08-29, 404, Not Found
2023-08-29, 404, Not Found
2023-08-29, 400, Bad Request
2023-08-29, 500, Internal Server Error
2023-08-29, 404, Not Found
2023-08-29, 401, Unauthorized
2023-08-29, 404, Not Found
2023-08-29, 404, Not Found
2023-08-29, 404, Not Found
2023-08-29, 401, Unauthorized
2023-08-29, 404, Not Found
2023-08-29, 401, Unauthorized
2023-08-29, 404, Not Found
2023-08-29, 401, Unauthorized
2023-08-29, 404, Not Found
2023-08-29, 404, Not Found
2023-08-29, 401, Unauthorized
2023-08-29, 404, Not Found
2023-08-29, 400, Bad Request
2023-08-29, 404, Not Found
2023-08-29, 401, Unauthorized
2023-08-29, 404, Not Found
2023-08-29, 404, Not Found
2023-08-29, 404, Not Found
2023-08-29, 404, Not Found
2023-08-29, 404, Not Found
2023-08-29, 404, Not Found
2023-08-29, 404, Not Found
2023-08-29, 404, Not Found
2023-08-29, 404, Not Found
2023-08-29, 404, Not Found
2023-08-29, 404, Not Found
2023-08-29, 404, Not Found
2023-08-29, 404, Not Found
2023-08-29, 404, Not Found
2023-08-29, 404, Not Found
2023-08-29, 404, Not Found
2023-08-29, 404, Not Found
2023-08-29, 404, Not Found
2023-08-29, 404, Not Found
2023-08-29, 429, Too Many Requests
2023-08-29, 429, Too Many Requests
2023-08-29, 404, Not Found
2023-08-29, 404, Not Found
2023-08-29, 404, Not Found
2023-08-29, 404, Not Found
2023-08-29, 404, Not Found
2023-08-29, 404, Not Found
2023-08-29, 404, Not Found
2023-08-29, 404, Not Found
2023-08-29, 404, Not Found
2023-08-29, 429, Too Many Requests
2023-08-29, 429, Too Many Requests
2023-08-29, 429, Too Many Requests
2023-08-29, 429, Too Many Requests
2023-08-29, 429, Too Many Requests
2023-08-29, 429, Too Many Requests
2023-08-29, 429, Too Many Requests
2023-08-29, 429, Too Many Requests
2023-08-29, 404, Not Found
2023-08-29, 404, Not Found
2023-08-29, 404, Not Found
2023-08-29, 404, Not Found
2023-08-29, 404, Not Found
2023-08-29, 404, Not Found
2023-08-29, 404, Not Found
2023-08-29, 404, Not Found
2023-08-29, 404, Not Found
2023-08-29, 404, Not Found
2023-08-29, 404, Not Found
2023-08-29, 404, Not Found
2023-08-29, 404, Not Found
2023-08-29, 404, Not Found
2023-08-29, 404, Not Found
2023-08-29, 404, Not Found
2023-08-29, 404, Not Found
2023-08-29, 404, Not Found
2023-08-29, 404, Not Found
2023-08-29, 404, Not Found
2023-08-29, 404, Not Found
2023-08-29, 404, Not Found
2023-08-29, 404, Not Found
2023-08-29, 404, Not Found
2023-08-29, 404, Not Found
2023-08-29, 404, Not Found
2023-08-29, 404, Not Found
2023-08-29, 404, Not Found
2023-08-29, 404, Not Found
2023-08-29, 404, Not Found
2023-08-29, 404, Not Found
2023-08-29, 404, Not Found
2023-08-29, 404, Not Found
2023-08-29, 404, Not Found
2023-08-29, 404, Not Found
2023-08-29, 404, Not Found
2023-08-29, 404, Not Found
2023-08-29, 404, Not Found
2023-08-29, 404, Not Found
2023-08-29, 404, Not Found
2023-08-29, 404, Not Found
2023-08-29, 404, Not Found
2023-08-29, 404, Not Found
2023-08-29, 404, Not Found
2023-08-29, 404, Not Found
2023-08-29, 404, Not Found
2023-08-29, 404, Not Found
2023-08-29, 404, Not Found
2023-08-29, 404, Not Found
2023-08-29, 404, Not Found
2023-08-29, 404, Not Found
2023-08-29, 404, Not Found
2023-08-29, 404, Not Found
2023-08-29, 404, Not Found
2023-08-29, 404, Not Found
2023-08-29, 404, Not Found
2023-08-29, 404, Not Found
2023-08-29, 404, Not Found
2023-08-29, 404, Not Found
2023-08-29, 404, Not Found
2023-08-29, 404, Not Found
2023-08-29, 404, Not Found
2023-08-29, 404, Not Found
2023-08-29, 404, Not Found
2023-08-29, 404, Not Found
2023-08-29, 404, Not Found
2023-08-29, 404, Not Found
2023-08-29, 404, Not Found
2023-08-29, 404, Not Found
2023-08-29, 404, Not Found
2023-08-29, 404, Not Found
2023-08-29, 404, Not Found
2023-08-29, 404, Not Found
2023-08-29, 404, Not Found
2023-08-29, 404, Not Found
2023-08-29, 404, Not Found
2023-08-29, 404, Not Found
2023-08-29, 404, Not Found
2023-08-29, 404, Not Found
2023-08-29, 404, Not Found
2023-08-29, 404, Not Found
2023-08-29, 404, Not Found
2023-08-29, 404, Not Found
2023-08-29, 404, Not Found
2023-08-29, 404, Not Found
2023-08-29, 404, Not Found
2023-08-29, 404, Not Found
2023-08-29, 404, Not Found
2023-08-29, 404, Not Found
2023-08-29, 404, Not Found
2023-08-29, 404, Not Found
2023-08-29, 404, Not Found
2023-08-29, 404, Not Found
